2024-06-09 22:20:56.582 [trace] [File Watcher (node.js)] Request to start watching: /home/hq/.config/Code/User (excludes: <none>, includes: <all>, filter: <none>, correlationId: <none>),/home/hq/.config/Code/User/settings.json (excludes: <none>, includes: <all>, filter: <none>, correlationId: <none>)
2024-06-09 22:20:56.582 [debug] Starting VS Code
2024-06-09 22:20:56.582 [debug] from: /snap/code/160/usr/share/code/resources/app
2024-06-09 22:20:56.582 [debug] args: {"_":[],"diff":false,"merge":false,"add":false,"goto":false,"new-window":false,"reuse-window":false,"wait":false,"help":false,"list-extensions":false,"show-versions":false,"pre-release":false,"update-extensions":false,"version":false,"verbose":true,"status":false,"prof-startup":false,"no-cached-data":false,"prof-v8-extensions":false,"disable-extensions":true,"disable-lcd-text":false,"disable-gpu":true,"disable-chromium-sandbox":false,"sandbox":false,"telemetry":false,"debugRenderer":false,"enable-smoke-test-driver":false,"logExtensionHostCommunication":false,"skip-release-notes":false,"skip-welcome":false,"disable-telemetry":false,"disable-updates":false,"use-inmemory-secretstorage":false,"disable-workspace-trust":false,"disable-crash-reporter":false,"crash-reporter-id":"e47eecca-ab43-4adb-b531-bc866f846198","skip-add-to-recently-opened":false,"open-url":false,"file-write":false,"file-chmod":false,"force":false,"do-not-sync":false,"trace":false,"preserve-env":false,"force-user-env":false,"force-disable-user-env":false,"open-devtools":false,"disable-gpu-sandbox":false,"__enable-file-policy":false,"enable-coi":false,"no-proxy-server":false,"no-sandbox":false,"nolazy":false,"force-renderer-accessibility":false,"ignore-certificate-errors":false,"allow-insecure-localhost":false,"disable-dev-shm-usage":false,"profile-temp":false,"logsPath":"/home/hq/.config/Code/logs/20240609T222056"}
2024-06-09 22:20:56.582 [trace] Resolving machine identifier...
2024-06-09 22:20:56.582 [trace] Resolved machine identifier: 663f78d8167e26bb2c3abe44bb46ee0bb98f8759d5a7b88bef69e09166c1e6a6
2024-06-09 22:20:56.582 [trace] Main->SharedProcess#connect
2024-06-09 22:20:56.582 [trace] [File Watcher (node.js)] Started watching: '/home/hq/.config/Code/User'
2024-06-09 22:20:56.582 [trace] [File Watcher (node.js)] ignoring a path for watching who's stat info failed to resolve: /home/hq/.config/Code/User/settings.json (error: Error: ENOENT: no such file or directory, stat '/home/hq/.config/Code/User/settings.json')
2024-06-09 22:20:56.584 [trace] StorageMainService: creating application storage
2024-06-09 22:20:56.587 [info] update#setState idle
2024-06-09 22:20:56.590 [trace] ElectronURLListener: waiting for window to be ready to handle URLs...
2024-06-09 22:20:56.590 [trace] lifecycle (main): phase changed (value: 2)
2024-06-09 22:20:56.591 [trace] windowsManager#open
2024-06-09 22:20:56.591 [trace] windowsManager#open pathsToOpen [{"backupPath":"/home/hq/.config/Code/Backups/1717932970456"},{"backupPath":"/home/hq/.config/Code/Backups/1717932971016"},{"backupPath":"/home/hq/.config/Code/Backups/1717932971016"}]
2024-06-09 22:20:56.592 [trace] windowsManager#doOpenEmpty {"restore":true,"forceNewWindow":true}
2024-06-09 22:20:56.593 [trace] IPC Object URL: Registered new channel vscode:e5128c8b-d879-456d-9002-861283c92040.
2024-06-09 22:20:56.594 [trace] window#validateWindowState: validating window state on 1 display(s) {"mode":1,"x":448,"y":312,"width":1024,"height":768}
2024-06-09 22:20:56.594 [trace] window#validateWindowState: single monitor working area {"x":0,"y":32,"width":1920,"height":1048}
2024-06-09 22:20:56.594 [trace] window#ctor: using window state {"mode":1,"x":448,"y":312,"width":1024,"height":768}
2024-06-09 22:20:56.683 [trace] window#load: attempt to load window (id: 1)
2024-06-09 22:20:56.692 [trace] windowsManager#doOpenEmpty {"restore":true,"forceNewWindow":true}
2024-06-09 22:20:56.693 [trace] IPC Object URL: Registered new channel vscode:2da27c0c-89e3-48e1-933a-c63332e94144.
2024-06-09 22:20:56.693 [trace] window#validateWindowState: validating window state on 1 display(s) {"mode":1,"x":478,"y":312,"width":1024,"height":768}
2024-06-09 22:20:56.693 [trace] window#validateWindowState: single monitor working area {"x":0,"y":32,"width":1920,"height":1048}
2024-06-09 22:20:56.693 [trace] window#ctor: using window state {"mode":1,"x":478,"y":312,"width":1024,"height":768}
2024-06-09 22:20:56.739 [trace] window#load: attempt to load window (id: 2)
2024-06-09 22:20:56.741 [trace] windowsManager#open used window count 2 (workspacesToOpen: 0, foldersToOpen: 0, emptyToRestore: 3, emptyToOpen: 0)
2024-06-09 22:20:56.742 [trace] lifecycle (main): phase changed (value: 3)
2024-06-09 22:20:56.743 [trace] resolveShellEnv(): skipped (VSCODE_CLI is set)
2024-06-09 22:20:56.830 [trace] resolveShellEnv(): skipped (VSCODE_CLI is set)
2024-06-09 22:20:56.837 [trace] resolveShellEnv(): skipped (VSCODE_CLI is set)
2024-06-09 22:20:57.369 [trace] StorageMainService: creating workspace storage (1717932971016)
2024-06-09 22:20:57.407 [trace] StorageMainService: creating workspace storage (1717932970456)
2024-06-09 22:20:57.746 [trace] window#load: window reported ready (id: 2)
2024-06-09 22:20:57.746 [trace] ElectronURLListener#flush(): flushing URLs
2024-06-09 22:20:57.748 [trace] window#load: window reported ready (id: 1)
2024-06-09 22:20:57.758 [trace] [SharedProcess] onWindowConnection for: vscode:createSharedProcessChannelConnectionResult
2024-06-09 22:20:57.759 [trace] [UtilityProcess type: shared-process, pid: <none>]: creating new...
2024-06-09 22:20:57.769 [trace] [UtilityProcess type: shared-process, pid: <none>]: payload sent via postMessage()
2024-06-09 22:20:57.771 [trace] [UtilityProcessWorker]: createWorker(window: 2, moduleId: vs/platform/files/node/watcher/watcherMain)
2024-06-09 22:20:57.772 [trace] [UtilityProcess id: 2, type: fileWatcher, pid: <none>]: creating new...
2024-06-09 22:20:57.780 [trace] [SharedProcess] onWindowConnection for: vscode:createSharedProcessChannelConnectionResult
2024-06-09 22:20:57.780 [trace] [UtilityProcessWorker]: createWorker(window: 1, moduleId: vs/platform/files/node/watcher/watcherMain)
2024-06-09 22:20:57.781 [trace] [UtilityProcess id: 1, type: fileWatcher, pid: <none>]: creating new...
2024-06-09 22:20:57.790 [trace] [UtilityProcess type: shared-process, pid: 8621]: successfully created
2024-06-09 22:20:57.793 [trace] [UtilityProcess id: 2, type: fileWatcher, pid: 8622]: successfully created
2024-06-09 22:20:57.799 [trace] menubarService#updateMenubar 2
2024-06-09 22:20:57.801 [trace] [UtilityProcess id: 1, type: fileWatcher, pid: 8623]: successfully created
2024-06-09 22:20:57.813 [trace] [UtilityProcess id: 1, type: extensionHost, pid: <none>]: creating new...
2024-06-09 22:20:57.852 [trace] [UtilityProcess id: 1, type: extensionHost, pid: 8632]: successfully created
2024-06-09 22:20:57.856 [trace] [UtilityProcess id: 2, type: extensionHost, pid: <none>]: creating new...
2024-06-09 22:20:57.870 [trace] [UtilityProcess id: 2, type: extensionHost, pid: 8653]: successfully created
2024-06-09 22:20:58.248 [trace] [SharedProcess] IPC ready
2024-06-09 22:20:58.248 [trace] Main->SharedProcess#connect: connection established
2024-06-09 22:20:58.295 [trace] [File Watcher (node.js)] Request to start watching: /home/hq/.config/Code/User (excludes: <none>, includes: <all>, filter: <none>, correlationId: <none>),/home/hq/.config/Code/User/settings.json (excludes: <none>, includes: <all>, filter: <none>, correlationId: <none>)
2024-06-09 22:20:58.303 [trace] [File Watcher (node.js)] Started watching: '/home/hq/.config/Code/User'
2024-06-09 22:20:58.304 [trace] [File Watcher (node.js)] ignoring a path for watching who's stat info failed to resolve: /home/hq/.config/Code/User/settings.json (error: Error: ENOENT: no such file or directory, stat '/home/hq/.config/Code/User/settings.json')
2024-06-09 22:20:58.359 [trace] [SharedProcess] Overall ready
2024-06-09 22:20:58.385 [trace] resolveShellEnv(): skipped (VSCODE_CLI is set)
2024-06-09 22:20:58.412 [trace] [File Watcher (node.js)] Request to start watching: /home/hq/.vscode/extensions (excludes: <none>, includes: <all>, filter: <none>, correlationId: <none>),/home/hq/.vscode/extensions/extensions.json (excludes: <none>, includes: <all>, filter: <none>, correlationId: <none>)
2024-06-09 22:20:58.420 [trace] [File Watcher (node.js)] Started watching: '/home/hq/.vscode/extensions'
2024-06-09 22:20:58.422 [trace] menubarService#updateMenubar 2
2024-06-09 22:20:58.424 [trace] [File Watcher (node.js)] Started watching: '/home/hq/.vscode/extensions/extensions.json'
2024-06-09 22:20:58.594 [trace] resolveShellEnv(): skipped (VSCODE_CLI is set)
2024-06-09 22:20:58.665 [debug] Terminal profile not validated fish ["fish"]
2024-06-09 22:20:58.666 [debug] Terminal profile not validated pwsh ["pwsh"]
2024-06-09 22:20:58.682 [trace] resolveShellEnv(): skipped (VSCODE_CLI is set)
2024-06-09 22:20:58.785 [debug] Terminal profile not validated pwsh ["pwsh"]
2024-06-09 22:20:58.785 [debug] Terminal profile not validated fish ["fish"]
2024-06-09 22:20:59.067 [trace] menubarService#updateMenubar 2
