2024-06-09 22:20:58.377 [trace] sharedProcess configuration {"machineId":"663f78d8167e26bb2c3abe44bb46ee0bb98f8759d5a7b88bef69e09166c1e6a6","sqmId":"","devDeviceId":"f379f911-a483-4c0e-8dac-30dfa79cdbcc","codeCachePath":"/home/hq/.config/Code/CachedData/89de5a8d4d6205e5b11647eb6a74844ca23d2573","profiles":{"home":{"scheme":"vscode-userdata","authority":"","path":"/home/hq/.config/Code/User/profiles","query":"","fragment":"","_formatted":null,"_fsPath":null},"all":[{"id":"__default__profile__","name":"Default","location":{"scheme":"vscode-userdata","authority":"","path":"/home/hq/.config/Code/User","query":"","fragment":"","_formatted":null,"_fsPath":null},"isDefault":true,"globalStorageHome":{"scheme":"vscode-userdata","authority":"","path":"/home/hq/.config/Code/User/globalStorage","query":"","fragment":"","_formatted":null,"_fsPath":null},"settingsResource":{"scheme":"vscode-userdata","authority":"","path":"/home/hq/.config/Code/User/settings.json","query":"","fragment":"","_formatted":null,"_fsPath":null},"keybindingsResource":{"scheme":"vscode-userdata","authority":"","path":"/home/hq/.config/Code/User/keybindings.json","query":"","fragment":"","_formatted":null,"_fsPath":null},"tasksResource":{"scheme":"vscode-userdata","authority":"","path":"/home/hq/.config/Code/User/tasks.json","query":"","fragment":"","_formatted":null,"_fsPath":null},"snippetsHome":{"scheme":"vscode-userdata","authority":"","path":"/home/hq/.config/Code/User/snippets","query":"","fragment":"","_formatted":null,"_fsPath":null},"extensionsResource":{"scheme":"vscode-userdata","authority":"","path":"/home/hq/.vscode/extensions/extensions.json","query":"","fragment":"","_formatted":null,"_fsPath":null},"cacheHome":{"scheme":"file","authority":"","path":"/home/hq/.config/Code/CachedProfilesData/__default__profile__","query":"","fragment":"","_formatted":null,"_fsPath":null}}]},"args":{"_":[],"diff":false,"merge":false,"add":false,"goto":false,"new-window":false,"reuse-window":false,"wait":false,"help":false,"list-extensions":false,"show-versions":false,"pre-release":false,"update-extensions":false,"version":false,"verbose":true,"status":false,"prof-startup":false,"no-cached-data":false,"prof-v8-extensions":false,"disable-extensions":true,"disable-lcd-text":false,"disable-gpu":true,"disable-chromium-sandbox":false,"sandbox":false,"telemetry":false,"debugRenderer":false,"enable-smoke-test-driver":false,"logExtensionHostCommunication":false,"skip-release-notes":false,"skip-welcome":false,"disable-telemetry":false,"disable-updates":false,"use-inmemory-secretstorage":false,"disable-workspace-trust":false,"disable-crash-reporter":false,"crash-reporter-id":"e47eecca-ab43-4adb-b531-bc866f846198","skip-add-to-recently-opened":false,"open-url":false,"file-write":false,"file-chmod":false,"force":false,"do-not-sync":false,"trace":false,"preserve-env":false,"force-user-env":false,"force-disable-user-env":false,"open-devtools":false,"disable-gpu-sandbox":false,"__enable-file-policy":false,"enable-coi":false,"no-proxy-server":false,"no-sandbox":false,"nolazy":false,"force-renderer-accessibility":false,"ignore-certificate-errors":false,"allow-insecure-localhost":false,"disable-dev-shm-usage":false,"profile-temp":false,"logsPath":"/home/hq/.config/Code/logs/20240609T222056"},"logLevel":1,"loggers":[{"resource":{"scheme":"file","authority":"","path":"/home/hq/.config/Code/logs/20240609T222056/main.log","query":"","fragment":"","_formatted":"file:///home/hq/.config/Code/logs/20240609T222056/main.log","_fsPath":"/home/hq/.config/Code/logs/20240609T222056/main.log"},"id":"main","name":"Main"},{"resource":{"scheme":"file","authority":"","path":"/home/hq/.config/Code/logs/20240609T222056/network.log","query":"","fragment":"","_formatted":"file:///home/hq/.config/Code/logs/20240609T222056/network.log","_fsPath":"/home/hq/.config/Code/logs/20240609T222056/network.log"},"id":"network","name":"Network Requests","when":"logLevel == 'trace'"}]}
2024-06-09 22:20:58.381 [trace] Started scanning system extensions
2024-06-09 22:20:58.382 [trace] Started scanning user extensions {"$mid":1,"external":"vscode-userdata:/home/hq/.vscode/extensions/extensions.json","path":"/home/hq/.vscode/extensions/extensions.json","scheme":"vscode-userdata"}
2024-06-09 22:20:58.383 [trace] ExtensionManagementService#cleanUp
2024-06-09 22:20:58.383 [trace] ExtensionManagementService#removeTempDeleteFolders
2024-06-09 22:20:58.384 [trace] ExtensionManagementService.updateControlCache
2024-06-09 22:20:58.389 [trace] Started scanning system extensions
2024-06-09 22:20:58.390 [trace] Started scanning user extensions {"$mid":1,"external":"vscode-userdata:/home/hq/.vscode/extensions/extensions.json","path":"/home/hq/.vscode/extensions/extensions.json","scheme":"vscode-userdata"}
2024-06-09 22:20:58.399 [trace] Extension VSIX downloads cache dir does not exist
2024-06-09 22:20:58.405 [trace] [File Watcher (node.js)] Request to start watching: /home/hq/.vscode/extensions (excludes: <none>, includes: <all>, filter: <none>, correlationId: <none>)
2024-06-09 22:20:58.467 [debug] No uninstalled extensions found.
2024-06-09 22:20:58.468 [debug] Writing language packs {}
2024-06-09 22:20:58.474 [trace] Started scanning system extensions
2024-06-09 22:20:58.474 [trace] Started scanning user extensions {"$mid":1,"external":"vscode-userdata:/home/hq/.vscode/extensions/extensions.json","path":"/home/hq/.vscode/extensions/extensions.json","scheme":"vscode-userdata"}
2024-06-09 22:20:58.475 [trace] Started scanning system extensions
2024-06-09 22:20:58.475 [trace] Started scanning user extensions {"$mid":1,"external":"vscode-userdata:/home/hq/.vscode/extensions/extensions.json","path":"/home/hq/.vscode/extensions/extensions.json","scheme":"vscode-userdata"}
2024-06-09 22:20:58.476 [trace] Started scanning system extensions
2024-06-09 22:20:58.476 [trace] Started scanning user extensions {"$mid":1,"external":"vscode-userdata:/home/hq/.vscode/extensions/extensions.json","path":"/home/hq/.vscode/extensions/extensions.json","scheme":"vscode-userdata"}
2024-06-09 22:20:58.488 [trace] Started scanning system extensions
2024-06-09 22:20:58.488 [trace] Started scanning user extensions {"$mid":1,"external":"vscode-userdata:/home/hq/.vscode/extensions/extensions.json","path":"/home/hq/.vscode/extensions/extensions.json","scheme":"vscode-userdata"}
2024-06-09 22:20:58.489 [trace] Started scanning system extensions
2024-06-09 22:20:58.489 [trace] Started scanning user extensions {"$mid":1,"external":"vscode-userdata:/home/hq/.vscode/extensions/extensions.json","path":"/home/hq/.vscode/extensions/extensions.json","scheme":"vscode-userdata"}
2024-06-09 22:20:58.490 [trace] Started scanning system extensions
2024-06-09 22:20:58.490 [trace] Started scanning user extensions {"$mid":1,"external":"vscode-userdata:/home/hq/.vscode/extensions/extensions.json","path":"/home/hq/.vscode/extensions/extensions.json","scheme":"vscode-userdata"}
2024-06-09 22:20:58.554 [trace] [File Watcher (node.js)] Started watching: '/home/hq/.vscode/extensions'
2024-06-09 22:20:58.650 [trace] Started scanning user extensions {"$mid":1,"fsPath":"/home/hq/.vscode/extensions","external":"file:///home/hq/.vscode/extensions","path":"/home/hq/.vscode/extensions","scheme":"file"}
2024-06-09 22:20:58.778 [debug] ComputeTargetPlatform: linux-x64
2024-06-09 22:20:58.779 [trace] Scanned user extensions: 0
2024-06-09 22:20:58.779 [trace] Scanned user extensions: 0
2024-06-09 22:20:58.779 [trace] Scanned user extensions: 0
2024-06-09 22:20:58.883 [trace] Scanned system extensions: 89
2024-06-09 22:20:58.921 [trace] Scanned system extensions: 89
2024-06-09 22:20:59.030 [trace] Scanned user extensions: 0
2024-06-09 22:20:59.069 [trace] Scanned user extensions: 0
2024-06-09 22:20:59.159 [trace] Scanned user extensions: 0
